<?xml version="1.0" encoding="UTF-8"?>
<!-- Generated by org.testng.reporters.JUnitXMLReporter -->
<testsuite ignored="0" hostname="LTIN647708" failures="1" tests="1" name="Test(failed)" time="13.206" errors="0" timestamp="2025-11-14T22:36:55 IST">
  <testcase classname="testCases.TC001_AccountRegisterationTest" name="verifyAccountRegisteration" time="7.643">
    <failure type="java.lang.AssertionError" message="expected [true] but found [false]">
      <![CDATA[java.lang.AssertionError: expected [true] but found [false]
at testCases.TC001_AccountRegisterationTest.verifyAccountRegisteration(TC001_AccountRegisterationTest.java:47)
at java.base/java.util.ArrayList.forEach(ArrayList.java:1596)
... Removed 29 stack frames]]>
    </failure>
  </testcase> <!-- verifyAccountRegisteration -->
</testsuite> <!-- Test(failed) -->
