<?xml version="1.0" encoding="UTF-8"?>
<testng-results ignored="0" total="2" passed="2" failed="0" skipped="0">
  <reporter-output>
  </reporter-output>
  <suite started-at="2025-11-17T17:14:57 IST" name="Master Suite" finished-at="2025-11-17T17:15:16 IST" duration-ms="19102">
    <groups>
      <group name="Master">
        <method signature="TC001_AccountRegisterationTest.verifyAccountRegisteration()[pri:0, instance:testCases.TC001_AccountRegisterationTest@3a393455]" name="verifyAccountRegisteration" class="testCases.TC001_AccountRegisterationTest"/>
        <method signature="TC002_LoginTest.verifyLogin()[pri:0, instance:testCases.TC002_LoginTest@3a6f2de3]" name="verifyLogin" class="testCases.TC002_LoginTest"/>
      </group> <!-- Master -->
      <group name="Sanity">
        <method signature="TC002_LoginTest.verifyLogin()[pri:0, instance:testCases.TC002_LoginTest@3a6f2de3]" name="verifyLogin" class="testCases.TC002_LoginTest"/>
      </group> <!-- Sanity -->
      <group name="Regression">
        <method signature="TC001_AccountRegisterationTest.verifyAccountRegisteration()[pri:0, instance:testCases.TC001_AccountRegisterationTest@3a393455]" name="verifyAccountRegisteration" class="testCases.TC001_AccountRegisterationTest"/>
      </group> <!-- Regression -->
    </groups>
    <test started-at="2025-11-17T17:14:57 IST" name="Test" finished-at="2025-11-17T17:15:16 IST" duration-ms="19102">
      <class name="testCases.TC002_LoginTest">
        <test-method is-config="true" signature="setUp(java.lang.String,java.lang.String)[pri:0, instance:testCases.TC002_LoginTest@3a6f2de3]" started-at="2025-11-17T17:15:10 IST" name="setUp" finished-at="2025-11-17T17:15:13 IST" duration-ms="2925" status="PASS">
          <params>
            <param index="0">
              <value>
                <![CDATA[Windows]]>
              </value>
            </param>
            <param index="1">
              <value>
                <![CDATA[chrome]]>
              </value>
            </param>
          </params>
          <reporter-output>
          </reporter-output>
        </test-method> <!-- setUp -->
        <test-method signature="verifyLogin()[pri:0, instance:testCases.TC002_LoginTest@3a6f2de3]" started-at="2025-11-17T17:15:13 IST" name="verifyLogin" finished-at="2025-11-17T17:15:14 IST" duration-ms="1731" status="PASS">
          <reporter-output>
          </reporter-output>
        </test-method> <!-- verifyLogin -->
        <test-method is-config="true" signature="tearDown()[pri:0, instance:testCases.TC002_LoginTest@3a6f2de3]" started-at="2025-11-17T17:15:14 IST" name="tearDown" finished-at="2025-11-17T17:15:16 IST" duration-ms="1807" status="PASS">
          <reporter-output>
          </reporter-output>
        </test-method> <!-- tearDown -->
      </class> <!-- testCases.TC002_LoginTest -->
      <class name="testCases.TC001_AccountRegisterationTest">
        <test-method is-config="true" signature="setUp(java.lang.String,java.lang.String)[pri:0, instance:testCases.TC001_AccountRegisterationTest@3a393455]" started-at="2025-11-17T17:14:57 IST" name="setUp" finished-at="2025-11-17T17:15:04 IST" duration-ms="6801" status="PASS">
          <params>
            <param index="0">
              <value>
                <![CDATA[Windows]]>
              </value>
            </param>
            <param index="1">
              <value>
                <![CDATA[chrome]]>
              </value>
            </param>
          </params>
          <reporter-output>
          </reporter-output>
        </test-method> <!-- setUp -->
        <test-method signature="verifyAccountRegisteration()[pri:0, instance:testCases.TC001_AccountRegisterationTest@3a393455]" started-at="2025-11-17T17:15:04 IST" name="verifyAccountRegisteration" finished-at="2025-11-17T17:15:08 IST" duration-ms="3486" status="PASS">
          <reporter-output>
          </reporter-output>
        </test-method> <!-- verifyAccountRegisteration -->
        <test-method is-config="true" signature="tearDown()[pri:0, instance:testCases.TC001_AccountRegisterationTest@3a393455]" started-at="2025-11-17T17:15:08 IST" name="tearDown" finished-at="2025-11-17T17:15:10 IST" duration-ms="1991" status="PASS">
          <reporter-output>
          </reporter-output>
        </test-method> <!-- tearDown -->
      </class> <!-- testCases.TC001_AccountRegisterationTest -->
    </test> <!-- Test -->
  </suite> <!-- Master Suite -->
</testng-results>
