<?xml version="1.0" encoding="UTF-8"?>
<testng-results ignored="0" total="2" passed="2" failed="0" skipped="0">
  <reporter-output>
  </reporter-output>
  <suite started-at="2025-11-17T15:59:01 IST" name="Master Suite" finished-at="2025-11-17T15:59:16 IST" duration-ms="14859">
    <groups>
      <group name="Master">
        <method signature="TC001_AccountRegisterationTest.verifyAccountRegisteration()[pri:0, instance:testCases.TC001_AccountRegisterationTest@27953a83]" name="verifyAccountRegisteration" class="testCases.TC001_AccountRegisterationTest"/>
        <method signature="TC002_LoginTest.verifyLogin()[pri:0, instance:testCases.TC002_LoginTest@55b5f5d2]" name="verifyLogin" class="testCases.TC002_LoginTest"/>
      </group> <!-- Master -->
      <group name="Sanity">
        <method signature="TC002_LoginTest.verifyLogin()[pri:0, instance:testCases.TC002_LoginTest@55b5f5d2]" name="verifyLogin" class="testCases.TC002_LoginTest"/>
      </group> <!-- Sanity -->
      <group name="Regression">
        <method signature="TC001_AccountRegisterationTest.verifyAccountRegisteration()[pri:0, instance:testCases.TC001_AccountRegisterationTest@27953a83]" name="verifyAccountRegisteration" class="testCases.TC001_AccountRegisterationTest"/>
      </group> <!-- Regression -->
    </groups>
    <test started-at="2025-11-17T15:59:01 IST" name="Test" finished-at="2025-11-17T15:59:16 IST" duration-ms="14859">
      <class name="testCases.TC002_LoginTest">
        <test-method is-config="true" signature="setUp(java.lang.String,java.lang.String)[pri:0, instance:testCases.TC002_LoginTest@55b5f5d2]" started-at="2025-11-17T15:59:11 IST" name="setUp" finished-at="2025-11-17T15:59:13 IST" duration-ms="2284" status="PASS">
          <params>
            <param index="0">
              <value>
                <![CDATA[Windows]]>
              </value>
            </param>
            <param index="1">
              <value>
                <![CDATA[chrome]]>
              </value>
            </param>
          </params>
          <reporter-output>
          </reporter-output>
        </test-method> <!-- setUp -->
        <test-method signature="verifyLogin()[pri:0, instance:testCases.TC002_LoginTest@55b5f5d2]" started-at="2025-11-17T15:59:13 IST" name="verifyLogin" finished-at="2025-11-17T15:59:14 IST" duration-ms="1498" status="PASS">
          <reporter-output>
          </reporter-output>
        </test-method> <!-- verifyLogin -->
        <test-method is-config="true" signature="tearDown()[pri:0, instance:testCases.TC002_LoginTest@55b5f5d2]" started-at="2025-11-17T15:59:14 IST" name="tearDown" finished-at="2025-11-17T15:59:16 IST" duration-ms="1511" status="PASS">
          <reporter-output>
          </reporter-output>
        </test-method> <!-- tearDown -->
      </class> <!-- testCases.TC002_LoginTest -->
      <class name="testCases.TC001_AccountRegisterationTest">
        <test-method is-config="true" signature="setUp(java.lang.String,java.lang.String)[pri:0, instance:testCases.TC001_AccountRegisterationTest@27953a83]" started-at="2025-11-17T15:59:01 IST" name="setUp" finished-at="2025-11-17T15:59:07 IST" duration-ms="5720" status="PASS">
          <params>
            <param index="0">
              <value>
                <![CDATA[Windows]]>
              </value>
            </param>
            <param index="1">
              <value>
                <![CDATA[chrome]]>
              </value>
            </param>
          </params>
          <reporter-output>
          </reporter-output>
        </test-method> <!-- setUp -->
        <test-method signature="verifyAccountRegisteration()[pri:0, instance:testCases.TC001_AccountRegisterationTest@27953a83]" started-at="2025-11-17T15:59:07 IST" name="verifyAccountRegisteration" finished-at="2025-11-17T15:59:09 IST" duration-ms="2150" status="PASS">
          <reporter-output>
          </reporter-output>
        </test-method> <!-- verifyAccountRegisteration -->
        <test-method is-config="true" signature="tearDown()[pri:0, instance:testCases.TC001_AccountRegisterationTest@27953a83]" started-at="2025-11-17T15:59:09 IST" name="tearDown" finished-at="2025-11-17T15:59:11 IST" duration-ms="1431" status="PASS">
          <reporter-output>
          </reporter-output>
        </test-method> <!-- tearDown -->
      </class> <!-- testCases.TC001_AccountRegisterationTest -->
    </test> <!-- Test -->
  </suite> <!-- Master Suite -->
</testng-results>
